2017-03-24  INFO [AccountSystem-akka.actor.default-dispatcher-3] a.e.s.Slf4jLogger - Slf4jLogger started
2017-03-24 11:32:52.274UTC DEBUG[AccountSystem-akka.actor.default-dispatcher-3] a.e.EventStream - logger log1-Slf4jLogger started
2017-03-24 11:32:52.275UTC DEBUG[AccountSystem-akka.actor.default-dispatcher-3] a.e.EventStream - Default Loggers started
2017-03-24 11:32:52.305UTC WARN [AccountSystem-akka.actor.default-dispatcher-5] a.d.Mailboxes - Configured potentially-blocking mailbox [akka.actor.mailbox.bounded-queue-based] configured with non-zero pushTimeOut (10000000000 nanoseconds), which can lead to blocking behaviour when sending messages to this mailbox. Avoid this by setting `akka.actor.mailbox.bounded-queue-based.mailbox-push-timeout-time` to `0`.
2017-03-24 11:32:52.312UTC INFO [AccountSystem-akka.actor.default-dispatcher-3] e.k.a.UserAccountGenerator - UserAccountGenerator: Forwarding user account info and their billers to DBRepoActor
2017-03-24 11:32:52.313UTC INFO [AccountSystem-akka.actor.default-dispatcher-3] e.k.a.DBRepoActor - DBRepoActor: Adding Users and their Billers to the DB
2017-03-24 11:32:52.315UTC INFO [AccountSystem-akka.actor.default-dispatcher-4] e.k.a.UserAccountGenerator - UserAccountGenerator: Forwarding user account info and their billers to DBRepoActor
2017-03-24 11:32:52.315UTC INFO [AccountSystem-akka.actor.default-dispatcher-4] e.k.a.DBRepoActor - DBRepoActor: Adding Users and their Billers to the DB
2017-03-24 11:32:52.317UTC INFO [AccountSystem-akka.actor.default-dispatcher-2] e.k.a.UserAccountGenerator - UserAccountGenerator: Forwarding user account info and their billers to DBRepoActor
2017-03-24 11:32:52.317UTC INFO [AccountSystem-akka.actor.default-dispatcher-2] e.k.a.DBRepoActor - DBRepoActor: Adding Users and their Billers to the DB
2017-03-24 11:32:52.317UTC INFO [AccountSystem-akka.actor.default-dispatcher-2] e.k.a.UserAccountGenerator - UserAccountGenerator: Forwarding user account info and their billers to DBRepoActor
2017-03-24 11:32:52.317UTC INFO [AccountSystem-akka.actor.default-dispatcher-2] e.k.a.DBRepoActor - DBRepoActor: Adding Users and their Billers to the DB
2017-03-24 11:32:52.318UTC INFO [AccountSystem-akka.actor.default-dispatcher-2] e.k.a.UserAccountGenerator - UserAccountGenerator: Forwarding user account info and their billers to DBRepoActor
2017-03-24 11:32:52.318UTC INFO [AccountSystem-akka.actor.default-dispatcher-2] e.k.a.DBRepoActor - DBRepoActor: Adding Users and their Billers to the DB
2017-03-24 11:32:52.318UTC INFO [AccountSystem-akka.actor.default-dispatcher-2] e.k.a.UserAccountGenerator - UserAccountGenerator: Forwarding user account info and their billers to DBRepoActor
2017-03-24 11:32:52.318UTC INFO [AccountSystem-akka.actor.default-dispatcher-2] e.k.a.DBRepoActor - DBRepoActor: Adding Users and their Billers to the DB
2017-03-24 11:32:52.319UTC INFO [AccountSystem-akka.actor.default-dispatcher-2] e.k.a.UserAccountGenerator - UserAccountGenerator: Forwarding user account info and their billers to DBRepoActor
2017-03-24 11:32:52.319UTC INFO [AccountSystem-akka.actor.default-dispatcher-2] e.k.a.DBRepoActor - DBRepoActor: Adding Users and their Billers to the DB
2017-03-24 11:32:52.319UTC INFO [AccountSystem-akka.actor.default-dispatcher-2] e.k.a.UserAccountGenerator - UserAccountGenerator: Forwarding user account info and their billers to DBRepoActor
2017-03-24 11:32:52.319UTC INFO [AccountSystem-akka.actor.default-dispatcher-2] e.k.a.DBRepoActor - DBRepoActor: Adding Users and their Billers to the DB
2017-03-24 11:32:52.320UTC INFO [AccountSystem-akka.actor.default-dispatcher-2] e.k.a.UserAccountGenerator - UserAccountGenerator: Forwarding user account info and their billers to DBRepoActor
2017-03-24 11:32:52.320UTC INFO [AccountSystem-akka.actor.default-dispatcher-2] e.k.a.DBRepoActor - DBRepoActor: Adding Users and their Billers to the DB
2017-03-24 11:32:52.320UTC INFO [AccountSystem-akka.actor.default-dispatcher-2] e.k.a.UserAccountGenerator - UserAccountGenerator: Forwarding user account info and their billers to DBRepoActor
2017-03-24 11:32:52.320UTC INFO [AccountSystem-akka.actor.default-dispatcher-6] e.k.a.DBRepoActor - DBRepoActor: Adding Users and their Billers to the DB
2017-03-24 11:32:52.332UTC INFO [AccountSystem-akka.actor.default-dispatcher-6] e.k.a.SalaryDepositActor - SalaryDepositActor: Forwarding to DBRepoActor!
2017-03-24 11:32:52.333UTC INFO [AccountSystem-akka.actor.default-dispatcher-6] e.k.a.SalaryDepositActor - SalaryDepositActor: Forwarding to DBRepoActor!
2017-03-24 11:32:52.333UTC INFO [AccountSystem-akka.actor.default-dispatcher-6] e.k.a.SalaryDepositActor - SalaryDepositActor: Forwarding to DBRepoActor!
2017-03-24 11:32:52.333UTC INFO [AccountSystem-akka.actor.default-dispatcher-6] e.k.a.SalaryDepositActor - SalaryDepositActor: Forwarding to DBRepoActor!
2017-03-24 11:32:52.333UTC INFO [AccountSystem-akka.actor.default-dispatcher-6] e.k.a.SalaryDepositActor - SalaryDepositActor: Forwarding to DBRepoActor!
2017-03-24 11:32:52.333UTC INFO [AccountSystem-akka.actor.default-dispatcher-4] e.k.a.DBRepoActor - DBRepoActor: Adding salary to the user account
2017-03-24 11:32:52.333UTC INFO [AccountSystem-akka.actor.default-dispatcher-4] e.k.a.SalaryDepositActor - SalaryDepositActor: Forwarding to DBRepoActor!
2017-03-24 11:32:52.333UTC INFO [AccountSystem-akka.actor.default-dispatcher-4] e.k.a.SalaryDepositActor - SalaryDepositActor: Forwarding to DBRepoActor!
2017-03-24 11:32:52.333UTC INFO [AccountSystem-akka.actor.default-dispatcher-4] e.k.a.SalaryDepositActor - SalaryDepositActor: Forwarding to DBRepoActor!
2017-03-24 11:32:52.333UTC INFO [AccountSystem-akka.actor.default-dispatcher-4] e.k.a.SalaryDepositActor - SalaryDepositActor: Forwarding to DBRepoActor!
2017-03-24 11:32:52.333UTC INFO [AccountSystem-akka.actor.default-dispatcher-4] e.k.a.SalaryDepositActor - SalaryDepositActor: Forwarding to DBRepoActor!
2017-03-24 11:32:52.345UTC INFO [AccountSystem-akka.actor.default-dispatcher-8] e.k.a.DBRepoActor - DBRepoActor: Adding salary to the user account
2017-03-24 11:32:52.346UTC INFO [AccountSystem-akka.actor.default-dispatcher-2] e.k.a.DBRepoActor - DBRepoActor: Adding salary to the user account
2017-03-24 11:32:52.346UTC INFO [AccountSystem-akka.actor.default-dispatcher-2] e.k.a.SalaryDepositActor - SalaryDepositActor: Forwarding to different child actors for billing
2017-03-24 11:32:52.349UTC INFO [AccountSystem-akka.actor.default-dispatcher-8] e.k.a.SalaryDepositActor - SalaryDepositActor: Forwarding to different child actors for billing
2017-03-24 11:32:52.349UTC INFO [AccountSystem-akka.actor.default-dispatcher-8] e.k.a.DBRepoActor - DBRepoActor: Adding salary to the user account
2017-03-24 11:32:52.350UTC INFO [AccountSystem-akka.actor.default-dispatcher-4] e.k.a.DBRepoActor - DBRepoActor: Adding salary to the user account
2017-03-24 11:32:52.350UTC INFO [AccountSystem-akka.actor.default-dispatcher-4] e.k.a.SalaryDepositActor - SalaryDepositActor: Forwarding to different child actors for billing
2017-03-24 11:32:52.351UTC INFO [AccountSystem-akka.actor.default-dispatcher-4] e.k.a.DBRepoActor - DBRepoActor: Adding salary to the user account
2017-03-24 11:32:52.351UTC INFO [AccountSystem-akka.actor.default-dispatcher-4] e.k.a.SalaryDepositActor - SalaryDepositActor: Forwarding to different child actors for billing
2017-03-24 11:32:52.352UTC INFO [AccountSystem-akka.actor.default-dispatcher-4] e.k.a.DBRepoActor - DBRepoActor: Adding salary to the user account
2017-03-24 11:32:52.352UTC INFO [AccountSystem-akka.actor.default-dispatcher-4] e.k.a.SalaryDepositActor - SalaryDepositActor: Forwarding to different child actors for billing
2017-03-24 11:32:52.352UTC INFO [AccountSystem-akka.actor.default-dispatcher-7] e.k.a.DBRepoActor - DBRepoActor: Adding salary to the user account
2017-03-24 11:32:52.353UTC INFO [AccountSystem-akka.actor.default-dispatcher-7] e.k.a.SalaryDepositActor - SalaryDepositActor: Forwarding to different child actors for billing
2017-03-24 11:32:52.353UTC INFO [AccountSystem-akka.actor.default-dispatcher-9] e.k.a.DBRepoActor - DBRepoActor: Adding salary to the user account
2017-03-24 11:32:52.354UTC INFO [AccountSystem-akka.actor.default-dispatcher-9] e.k.a.SalaryDepositActor - SalaryDepositActor: Forwarding to different child actors for billing
2017-03-24 11:32:52.356UTC INFO [AccountSystem-akka.actor.default-dispatcher-9] e.k.a.DBRepoActor - DBRepoActor: Adding salary to the user account
2017-03-24 11:32:52.356UTC INFO [AccountSystem-akka.actor.default-dispatcher-9] e.k.a.SalaryDepositActor - SalaryDepositActor: Forwarding to different child actors for billing
2017-03-24 11:32:52.357UTC INFO [AccountSystem-akka.actor.default-dispatcher-9] e.k.a.SalaryDepositActor - SalaryDepositActor: Forwarding to different child actors for billing
2017-03-24 11:32:52.357UTC INFO [AccountSystem-akka.actor.default-dispatcher-2] e.k.a.DBRepoActor - DBRepoActor: Deducting billing amount from user's account
2017-03-24 11:32:52.361UTC INFO [AccountSystem-akka.actor.default-dispatcher-8] e.k.a.DBRepoActor - DBRepoActor: Deducting billing amount from user's account
2017-03-24 11:32:52.364UTC INFO [AccountSystem-akka.actor.default-dispatcher-8] e.k.a.DBRepoActor - DBRepoActor: Deducting billing amount from user's account
2017-03-24 11:32:52.371UTC INFO [AccountSystem-akka.actor.default-dispatcher-8] e.k.a.SalaryDepositActor - SalaryDepositActor: Forwarding to different child actors for billing
2017-03-24 11:32:52.372UTC INFO [AccountSystem-akka.actor.default-dispatcher-10] e.k.a.DBRepoActor - DBRepoActor: Deducting billing amount from user's account
2017-03-24 11:32:52.381UTC INFO [AccountSystem-akka.actor.default-dispatcher-10] e.k.a.DBRepoActor - DBRepoActor: Deducting billing amount from user's account
2017-03-24 11:32:52.383UTC INFO [AccountSystem-akka.actor.default-dispatcher-10] e.k.a.DBRepoActor - DBRepoActor: Deducting billing amount from user's account
2017-03-24 11:32:52.384UTC INFO [AccountSystem-akka.actor.default-dispatcher-10] e.k.a.DBRepoActor - DBRepoActor: Deducting billing amount from user's account
2017-03-24 11:32:52.386UTC INFO [AccountSystem-akka.actor.default-dispatcher-10] e.k.a.DBRepoActor - DBRepoActor: Deducting billing amount from user's account
2017-03-24 11:32:52.387UTC INFO [AccountSystem-akka.actor.default-dispatcher-10] e.k.a.DBRepoActor - DBRepoActor: Deducting billing amount from user's account
2017-03-24 11:32:52.389UTC INFO [AccountSystem-akka.actor.default-dispatcher-10] e.k.a.DBRepoActor - DBRepoActor: Deducting billing amount from user's account
2017-03-24 11:32:52.391UTC INFO [AccountSystem-akka.actor.default-dispatcher-10] e.k.a.DBRepoActor - DBRepoActor: Deducting billing amount from user's account
2017-03-24 11:32:52.392UTC INFO [AccountSystem-akka.actor.default-dispatcher-10] e.k.a.DBRepoActor - DBRepoActor: Deducting billing amount from user's account
2017-03-24 11:32:52.394UTC INFO [AccountSystem-akka.actor.default-dispatcher-10] e.k.a.DBRepoActor - DBRepoActor: Deducting billing amount from user's account
2017-03-24 11:32:52.395UTC INFO [AccountSystem-akka.actor.default-dispatcher-10] e.k.a.DBRepoActor - DBRepoActor: Deducting billing amount from user's account
2017-03-24 11:32:52.397UTC INFO [AccountSystem-akka.actor.default-dispatcher-10] e.k.a.DBRepoActor - DBRepoActor: Deducting billing amount from user's account
2017-03-24 11:32:52.399UTC INFO [AccountSystem-akka.actor.default-dispatcher-8] e.k.a.DBRepoActor - DBRepoActor: Deducting billing amount from user's account
2017-03-24 11:32:52.401UTC INFO [AccountSystem-akka.actor.default-dispatcher-8] e.k.a.DBRepoActor - DBRepoActor: Deducting billing amount from user's account
2017-03-24 11:32:52.402UTC INFO [AccountSystem-akka.actor.default-dispatcher-8] e.k.a.DBRepoActor - DBRepoActor: Deducting billing amount from user's account
2017-03-24 11:32:52.404UTC INFO [AccountSystem-akka.actor.default-dispatcher-8] e.k.a.DBRepoActor - DBRepoActor: Deducting billing amount from user's account
2017-03-24 11:32:52.406UTC INFO [AccountSystem-akka.actor.default-dispatcher-8] e.k.a.DBRepoActor - DBRepoActor: Deducting billing amount from user's account
2017-03-24 11:32:52.408UTC INFO [AccountSystem-akka.actor.default-dispatcher-6] e.k.a.DBRepoActor - DBRepoActor: Deducting billing amount from user's account
2017-03-24 11:32:52.410UTC INFO [AccountSystem-akka.actor.default-dispatcher-10] e.k.a.DBRepoActor - DBRepoActor: Deducting billing amount from user's account
2017-03-24 11:32:52.414UTC INFO [AccountSystem-akka.actor.default-dispatcher-10] e.k.a.DBRepoActor - DBRepoActor: Deducting billing amount from user's account
2017-03-24 11:32:52.424UTC INFO [AccountSystem-akka.actor.default-dispatcher-10] e.k.a.DBRepoActor - DBRepoActor: Deducting billing amount from user's account
2017-03-24 11:32:52.425UTC INFO [AccountSystem-akka.actor.default-dispatcher-10] e.k.a.DBRepoActor - DBRepoActor: Deducting billing amount from user's account
2017-03-24 11:32:52.428UTC INFO [AccountSystem-akka.actor.default-dispatcher-10] e.k.a.DBRepoActor - DBRepoActor: Deducting billing amount from user's account
2017-03-24 11:32:52.429UTC INFO [AccountSystem-akka.actor.default-dispatcher-6] e.k.a.DBRepoActor - DBRepoActor: Deducting billing amount from user's account
2017-03-24 11:32:52.430UTC INFO [AccountSystem-akka.actor.default-dispatcher-6] e.k.a.DBRepoActor - DBRepoActor: Deducting billing amount from user's account
2017-03-24 11:32:52.431UTC INFO [AccountSystem-akka.actor.default-dispatcher-6] e.k.a.DBRepoActor - DBRepoActor: Deducting billing amount from user's account
2017-03-24 11:32:52.432UTC INFO [AccountSystem-akka.actor.default-dispatcher-6] e.k.a.DBRepoActor - DBRepoActor: Deducting billing amount from user's account
2017-03-24 11:32:52.433UTC INFO [AccountSystem-akka.actor.default-dispatcher-6] e.k.a.DBRepoActor - DBRepoActor: Deducting billing amount from user's account
2017-03-24 11:32:52.434UTC INFO [AccountSystem-akka.actor.default-dispatcher-6] e.k.a.DBRepoActor - DBRepoActor: Deducting billing amount from user's account
2017-03-24 11:32:52.436UTC INFO [AccountSystem-akka.actor.default-dispatcher-6] e.k.a.DBRepoActor - DBRepoActor: Deducting billing amount from user's account
2017-03-24 11:32:52.437UTC INFO [AccountSystem-akka.actor.default-dispatcher-6] e.k.a.DBRepoActor - DBRepoActor: Deducting billing amount from user's account
2017-03-24 11:32:52.438UTC INFO [AccountSystem-akka.actor.default-dispatcher-8] e.k.a.DBRepoActor - DBRepoActor: Deducting billing amount from user's account
2017-03-24 11:32:52.439UTC INFO [AccountSystem-akka.actor.default-dispatcher-8] e.k.a.DBRepoActor - DBRepoActor: Deducting billing amount from user's account
2017-03-24 11:32:52.440UTC INFO [AccountSystem-akka.actor.default-dispatcher-8] e.k.a.DBRepoActor - DBRepoActor: Deducting billing amount from user's account
2017-03-24 11:32:52.441UTC INFO [AccountSystem-akka.actor.default-dispatcher-8] e.k.a.DBRepoActor - DBRepoActor: Deducting billing amount from user's account
2017-03-24 11:32:52.441UTC INFO [AccountSystem-akka.actor.default-dispatcher-8] e.k.a.DBRepoActor - DBRepoActor: Deducting billing amount from user's account
2017-03-24 11:32:52.442UTC INFO [AccountSystem-akka.actor.default-dispatcher-8] e.k.a.DBRepoActor - DBRepoActor: Deducting billing amount from user's account
2017-03-24 11:32:52.444UTC INFO [AccountSystem-akka.actor.default-dispatcher-8] e.k.a.DBRepoActor - DBRepoActor: Deducting billing amount from user's account
2017-03-24 11:32:52.445UTC INFO [AccountSystem-akka.actor.default-dispatcher-8] e.k.a.DBRepoActor - DBRepoActor: Deducting billing amount from user's account
2017-03-24 11:32:52.445UTC INFO [AccountSystem-akka.actor.default-dispatcher-8] e.k.a.DBRepoActor - DBRepoActor: Deducting billing amount from user's account
2017-03-24 11:32:52.446UTC INFO [AccountSystem-akka.actor.default-dispatcher-6] e.k.a.DBRepoActor - DBRepoActor: Deducting billing amount from user's account
2017-03-24 11:32:52.447UTC INFO [AccountSystem-akka.actor.default-dispatcher-4] e.k.a.DBRepoActor - DBRepoActor: Deducting billing amount from user's account
2017-03-24 11:32:52.448UTC INFO [AccountSystem-akka.actor.default-dispatcher-4] e.k.a.DBRepoActor - DBRepoActor: Deducting billing amount from user's account
2017-03-24 11:32:52.449UTC INFO [AccountSystem-akka.actor.default-dispatcher-4] e.k.a.DBRepoActor - DBRepoActor: Deducting billing amount from user's account
2017-03-24 11:32:52.449UTC INFO [AccountSystem-akka.actor.default-dispatcher-4] e.k.a.DBRepoActor - DBRepoActor: Deducting billing amount from user's account
2017-03-24 11:32:52.450UTC INFO [AccountSystem-akka.actor.default-dispatcher-4] e.k.a.DBRepoActor - DBRepoActor: Deducting billing amount from user's account
2017-03-24 11:32:52.451UTC INFO [AccountSystem-akka.actor.default-dispatcher-4] e.k.a.DBRepoActor - DBRepoActor: Deducting billing amount from user's account
2017-03-24 11:33:02.344UTC INFO [AccountSystem-akka.actor.default-dispatcher-6] e.k.a.DBRepoActor - DBRepoActor: Sending the reports to the ReportGeneratorActor
2017-03-24 11:33:02.345UTC INFO [AccountSystem-akka.actor.default-dispatcher-6] e.k.a.DBRepoActor - User Info: myname2, 2
2017-03-24 11:33:02.345UTC INFO [AccountSystem-akka.actor.default-dispatcher-6] e.k.a.DBRepoActor - Biller Associated: ListBuffer(Biller(Phone,biller1,2,12/2/2017,200.0,2,1,300.0), Biller(Car,biller2,2,12/2/2017,200.0,2,1,300.0), Biller(Electricity,biller3,2,12/2/2017,200.0,2,1,300.0), Biller(Food,biller4,2,12/2/2017,200.0,2,1,300.0), Biller(Internet,biller5,2,12/2/2017,200.0,2,1,300.0))
2017-03-24 11:33:02.345UTC INFO [AccountSystem-akka.actor.default-dispatcher-6] e.k.a.DBRepoActor - User Info: myname3, 3
2017-03-24 11:33:02.346UTC INFO [AccountSystem-akka.actor.default-dispatcher-6] e.k.a.DBRepoActor - Biller Associated: ListBuffer(Biller(Phone,biller1,3,12/2/2017,200.0,2,1,300.0), Biller(Car,biller2,3,12/2/2017,200.0,2,1,300.0), Biller(Electricity,biller3,3,12/2/2017,200.0,2,1,300.0), Biller(Food,biller4,3,12/2/2017,200.0,2,1,300.0), Biller(Internet,biller5,3,12/2/2017,200.0,2,1,300.0))
2017-03-24 11:33:02.346UTC INFO [AccountSystem-akka.actor.default-dispatcher-6] e.k.a.DBRepoActor - User Info: myname5, 5
2017-03-24 11:33:02.346UTC INFO [AccountSystem-akka.actor.default-dispatcher-6] e.k.a.DBRepoActor - Biller Associated: ListBuffer(Biller(Phone,biller1,5,12/2/2017,200.0,2,1,300.0), Biller(Car,biller2,5,12/2/2017,200.0,2,1,300.0), Biller(Electricity,biller3,5,12/2/2017,200.0,2,1,300.0), Biller(Food,biller4,5,12/2/2017,200.0,2,1,300.0), Biller(Internet,biller5,5,12/2/2017,200.0,2,1,300.0))
2017-03-24 11:33:02.346UTC INFO [AccountSystem-akka.actor.default-dispatcher-6] e.k.a.DBRepoActor - User Info: myname6, 6
2017-03-24 11:33:02.346UTC INFO [AccountSystem-akka.actor.default-dispatcher-6] e.k.a.DBRepoActor - Biller Associated: ListBuffer(Biller(Phone,biller1,6,12/2/2017,200.0,2,1,300.0), Biller(Car,biller2,6,12/2/2017,200.0,2,1,300.0), Biller(Electricity,biller3,6,12/2/2017,200.0,2,1,300.0), Biller(Food,biller4,6,12/2/2017,200.0,2,1,300.0), Biller(Internet,biller5,6,12/2/2017,200.0,2,1,300.0))
2017-03-24 11:33:02.346UTC INFO [AccountSystem-akka.actor.default-dispatcher-6] e.k.a.DBRepoActor - User Info: myname4, 4
2017-03-24 11:33:02.346UTC INFO [AccountSystem-akka.actor.default-dispatcher-6] e.k.a.DBRepoActor - Biller Associated: ListBuffer(Biller(Phone,biller1,4,12/2/2017,200.0,2,1,300.0), Biller(Car,biller2,4,12/2/2017,200.0,2,1,300.0), Biller(Electricity,biller3,4,12/2/2017,200.0,2,1,300.0), Biller(Food,biller4,4,12/2/2017,200.0,2,1,300.0), Biller(Internet,biller5,4,12/2/2017,200.0,2,1,300.0))
2017-03-24 11:33:02.346UTC INFO [AccountSystem-akka.actor.default-dispatcher-6] e.k.a.DBRepoActor - User Info: myname7, 7
2017-03-24 11:33:02.346UTC INFO [AccountSystem-akka.actor.default-dispatcher-6] e.k.a.DBRepoActor - Biller Associated: ListBuffer(Biller(Phone,biller1,7,12/2/2017,200.0,2,1,300.0), Biller(Car,biller2,7,12/2/2017,200.0,2,1,300.0), Biller(Electricity,biller3,7,12/2/2017,200.0,2,1,300.0), Biller(Food,biller4,7,12/2/2017,200.0,2,1,300.0), Biller(Internet,biller5,7,12/2/2017,200.0,2,1,300.0))
2017-03-24 11:33:02.346UTC INFO [AccountSystem-akka.actor.default-dispatcher-6] e.k.a.DBRepoActor - User Info: myname8, 8
2017-03-24 11:33:02.346UTC INFO [AccountSystem-akka.actor.default-dispatcher-6] e.k.a.DBRepoActor - Biller Associated: ListBuffer(Biller(Phone,biller1,8,12/2/2017,200.0,2,1,300.0), Biller(Car,biller2,8,12/2/2017,200.0,2,1,300.0), Biller(Electricity,biller3,8,12/2/2017,200.0,2,1,300.0), Biller(Food,biller4,8,12/2/2017,200.0,2,1,300.0), Biller(Internet,biller5,8,12/2/2017,200.0,2,1,300.0))
2017-03-24 11:33:02.346UTC INFO [AccountSystem-akka.actor.default-dispatcher-6] e.k.a.DBRepoActor - User Info: myname9, 9
2017-03-24 11:33:02.346UTC INFO [AccountSystem-akka.actor.default-dispatcher-6] e.k.a.DBRepoActor - Biller Associated: ListBuffer(Biller(Phone,biller1,9,12/2/2017,200.0,2,1,300.0), Biller(Car,biller2,9,12/2/2017,200.0,2,1,300.0), Biller(Electricity,biller3,9,12/2/2017,200.0,2,1,300.0), Biller(Food,biller4,9,12/2/2017,200.0,2,1,300.0), Biller(Internet,biller5,9,12/2/2017,200.0,2,1,300.0))
2017-03-24 11:33:02.346UTC INFO [AccountSystem-akka.actor.default-dispatcher-6] e.k.a.DBRepoActor - User Info: myname10, 10
2017-03-24 11:33:02.346UTC INFO [AccountSystem-akka.actor.default-dispatcher-6] e.k.a.DBRepoActor - Biller Associated: ListBuffer(Biller(Phone,biller1,10,12/2/2017,200.0,2,1,300.0), Biller(Car,biller2,10,12/2/2017,200.0,2,1,300.0), Biller(Electricity,biller3,10,12/2/2017,200.0,2,1,300.0), Biller(Food,biller4,10,12/2/2017,200.0,2,1,300.0), Biller(Internet,biller5,10,12/2/2017,200.0,2,1,300.0))
2017-03-24 11:33:02.346UTC INFO [AccountSystem-akka.actor.default-dispatcher-6] e.k.a.DBRepoActor - User Info: myname1, 1
2017-03-24 11:33:02.346UTC INFO [AccountSystem-akka.actor.default-dispatcher-6] e.k.a.DBRepoActor - Biller Associated: ListBuffer(Biller(Phone,biller1,1,12/2/2017,200.0,2,1,300.0), Biller(Car,biller2,1,12/2/2017,200.0,2,1,300.0), Biller(Electricity,biller3,1,12/2/2017,200.0,2,1,300.0), Biller(Food,biller4,1,12/2/2017,200.0,2,1,300.0), Biller(Internet,biller5,1,12/2/2017,200.0,2,1,300.0))
2017-03-24 11:33:12.343UTC INFO [AccountSystem-akka.actor.default-dispatcher-6] e.k.a.DBRepoActor - DBRepoActor: Sending the reports to the ReportGeneratorActor
2017-03-24 11:33:12.344UTC INFO [AccountSystem-akka.actor.default-dispatcher-6] e.k.a.DBRepoActor - User Info: myname2, 2
2017-03-24 11:33:12.344UTC INFO [AccountSystem-akka.actor.default-dispatcher-6] e.k.a.DBRepoActor - Biller Associated: ListBuffer(Biller(Phone,biller1,2,12/2/2017,200.0,2,1,300.0), Biller(Car,biller2,2,12/2/2017,200.0,2,1,300.0), Biller(Electricity,biller3,2,12/2/2017,200.0,2,1,300.0), Biller(Food,biller4,2,12/2/2017,200.0,2,1,300.0), Biller(Internet,biller5,2,12/2/2017,200.0,2,1,300.0))
2017-03-24 11:33:12.344UTC INFO [AccountSystem-akka.actor.default-dispatcher-6] e.k.a.DBRepoActor - User Info: myname3, 3
2017-03-24 11:33:12.344UTC INFO [AccountSystem-akka.actor.default-dispatcher-6] e.k.a.DBRepoActor - Biller Associated: ListBuffer(Biller(Phone,biller1,3,12/2/2017,200.0,2,1,300.0), Biller(Car,biller2,3,12/2/2017,200.0,2,1,300.0), Biller(Electricity,biller3,3,12/2/2017,200.0,2,1,300.0), Biller(Food,biller4,3,12/2/2017,200.0,2,1,300.0), Biller(Internet,biller5,3,12/2/2017,200.0,2,1,300.0))
2017-03-24 11:33:12.345UTC INFO [AccountSystem-akka.actor.default-dispatcher-6] e.k.a.DBRepoActor - User Info: myname5, 5
2017-03-24 11:33:12.345UTC INFO [AccountSystem-akka.actor.default-dispatcher-6] e.k.a.DBRepoActor - Biller Associated: ListBuffer(Biller(Phone,biller1,5,12/2/2017,200.0,2,1,300.0), Biller(Car,biller2,5,12/2/2017,200.0,2,1,300.0), Biller(Electricity,biller3,5,12/2/2017,200.0,2,1,300.0), Biller(Food,biller4,5,12/2/2017,200.0,2,1,300.0), Biller(Internet,biller5,5,12/2/2017,200.0,2,1,300.0))
2017-03-24 11:33:12.345UTC INFO [AccountSystem-akka.actor.default-dispatcher-6] e.k.a.DBRepoActor - User Info: myname6, 6
2017-03-24 11:33:12.345UTC INFO [AccountSystem-akka.actor.default-dispatcher-6] e.k.a.DBRepoActor - Biller Associated: ListBuffer(Biller(Phone,biller1,6,12/2/2017,200.0,2,1,300.0), Biller(Car,biller2,6,12/2/2017,200.0,2,1,300.0), Biller(Electricity,biller3,6,12/2/2017,200.0,2,1,300.0), Biller(Food,biller4,6,12/2/2017,200.0,2,1,300.0), Biller(Internet,biller5,6,12/2/2017,200.0,2,1,300.0))
2017-03-24 11:33:12.345UTC INFO [AccountSystem-akka.actor.default-dispatcher-6] e.k.a.DBRepoActor - User Info: myname4, 4
2017-03-24 11:33:12.346UTC INFO [AccountSystem-akka.actor.default-dispatcher-6] e.k.a.DBRepoActor - Biller Associated: ListBuffer(Biller(Phone,biller1,4,12/2/2017,200.0,2,1,300.0), Biller(Car,biller2,4,12/2/2017,200.0,2,1,300.0), Biller(Electricity,biller3,4,12/2/2017,200.0,2,1,300.0), Biller(Food,biller4,4,12/2/2017,200.0,2,1,300.0), Biller(Internet,biller5,4,12/2/2017,200.0,2,1,300.0))
2017-03-24 11:33:12.346UTC INFO [AccountSystem-akka.actor.default-dispatcher-6] e.k.a.DBRepoActor - User Info: myname7, 7
2017-03-24 11:33:12.346UTC INFO [AccountSystem-akka.actor.default-dispatcher-6] e.k.a.DBRepoActor - Biller Associated: ListBuffer(Biller(Phone,biller1,7,12/2/2017,200.0,2,1,300.0), Biller(Car,biller2,7,12/2/2017,200.0,2,1,300.0), Biller(Electricity,biller3,7,12/2/2017,200.0,2,1,300.0), Biller(Food,biller4,7,12/2/2017,200.0,2,1,300.0), Biller(Internet,biller5,7,12/2/2017,200.0,2,1,300.0))
2017-03-24 11:33:12.346UTC INFO [AccountSystem-akka.actor.default-dispatcher-6] e.k.a.DBRepoActor - User Info: myname8, 8
2017-03-24 11:33:12.346UTC INFO [AccountSystem-akka.actor.default-dispatcher-6] e.k.a.DBRepoActor - Biller Associated: ListBuffer(Biller(Phone,biller1,8,12/2/2017,200.0,2,1,300.0), Biller(Car,biller2,8,12/2/2017,200.0,2,1,300.0), Biller(Electricity,biller3,8,12/2/2017,200.0,2,1,300.0), Biller(Food,biller4,8,12/2/2017,200.0,2,1,300.0), Biller(Internet,biller5,8,12/2/2017,200.0,2,1,300.0))
2017-03-24 11:33:12.346UTC INFO [AccountSystem-akka.actor.default-dispatcher-6] e.k.a.DBRepoActor - User Info: myname9, 9
2017-03-24 11:33:12.347UTC INFO [AccountSystem-akka.actor.default-dispatcher-6] e.k.a.DBRepoActor - Biller Associated: ListBuffer(Biller(Phone,biller1,9,12/2/2017,200.0,2,1,300.0), Biller(Car,biller2,9,12/2/2017,200.0,2,1,300.0), Biller(Electricity,biller3,9,12/2/2017,200.0,2,1,300.0), Biller(Food,biller4,9,12/2/2017,200.0,2,1,300.0), Biller(Internet,biller5,9,12/2/2017,200.0,2,1,300.0))
2017-03-24 11:33:12.347UTC INFO [AccountSystem-akka.actor.default-dispatcher-6] e.k.a.DBRepoActor - User Info: myname10, 10
2017-03-24 11:33:12.347UTC INFO [AccountSystem-akka.actor.default-dispatcher-6] e.k.a.DBRepoActor - Biller Associated: ListBuffer(Biller(Phone,biller1,10,12/2/2017,200.0,2,1,300.0), Biller(Car,biller2,10,12/2/2017,200.0,2,1,300.0), Biller(Electricity,biller3,10,12/2/2017,200.0,2,1,300.0), Biller(Food,biller4,10,12/2/2017,200.0,2,1,300.0), Biller(Internet,biller5,10,12/2/2017,200.0,2,1,300.0))
2017-03-24 11:33:12.347UTC INFO [AccountSystem-akka.actor.default-dispatcher-6] e.k.a.DBRepoActor - User Info: myname1, 1
2017-03-24 11:33:12.347UTC INFO [AccountSystem-akka.actor.default-dispatcher-6] e.k.a.DBRepoActor - Biller Associated: ListBuffer(Biller(Phone,biller1,1,12/2/2017,200.0,2,1,300.0), Biller(Car,biller2,1,12/2/2017,200.0,2,1,300.0), Biller(Electricity,biller3,1,12/2/2017,200.0,2,1,300.0), Biller(Food,biller4,1,12/2/2017,200.0,2,1,300.0), Biller(Internet,biller5,1,12/2/2017,200.0,2,1,300.0))
2017-03-24 11:33:22.343UTC INFO [AccountSystem-akka.actor.default-dispatcher-6] e.k.a.DBRepoActor - DBRepoActor: Sending the reports to the ReportGeneratorActor
2017-03-24 11:33:22.343UTC INFO [AccountSystem-akka.actor.default-dispatcher-6] e.k.a.DBRepoActor - User Info: myname2, 2
2017-03-24 11:33:22.343UTC INFO [AccountSystem-akka.actor.default-dispatcher-6] e.k.a.DBRepoActor - Biller Associated: ListBuffer(Biller(Phone,biller1,2,12/2/2017,200.0,2,1,300.0), Biller(Car,biller2,2,12/2/2017,200.0,2,1,300.0), Biller(Electricity,biller3,2,12/2/2017,200.0,2,1,300.0), Biller(Food,biller4,2,12/2/2017,200.0,2,1,300.0), Biller(Internet,biller5,2,12/2/2017,200.0,2,1,300.0))
2017-03-24 11:33:22.343UTC INFO [AccountSystem-akka.actor.default-dispatcher-6] e.k.a.DBRepoActor - User Info: myname3, 3
2017-03-24 11:33:22.343UTC INFO [AccountSystem-akka.actor.default-dispatcher-6] e.k.a.DBRepoActor - Biller Associated: ListBuffer(Biller(Phone,biller1,3,12/2/2017,200.0,2,1,300.0), Biller(Car,biller2,3,12/2/2017,200.0,2,1,300.0), Biller(Electricity,biller3,3,12/2/2017,200.0,2,1,300.0), Biller(Food,biller4,3,12/2/2017,200.0,2,1,300.0), Biller(Internet,biller5,3,12/2/2017,200.0,2,1,300.0))
2017-03-24 11:33:22.343UTC INFO [AccountSystem-akka.actor.default-dispatcher-6] e.k.a.DBRepoActor - User Info: myname5, 5
2017-03-24 11:33:22.344UTC INFO [AccountSystem-akka.actor.default-dispatcher-6] e.k.a.DBRepoActor - Biller Associated: ListBuffer(Biller(Phone,biller1,5,12/2/2017,200.0,2,1,300.0), Biller(Car,biller2,5,12/2/2017,200.0,2,1,300.0), Biller(Electricity,biller3,5,12/2/2017,200.0,2,1,300.0), Biller(Food,biller4,5,12/2/2017,200.0,2,1,300.0), Biller(Internet,biller5,5,12/2/2017,200.0,2,1,300.0))
2017-03-24 11:33:22.344UTC INFO [AccountSystem-akka.actor.default-dispatcher-6] e.k.a.DBRepoActor - User Info: myname6, 6
2017-03-24 11:33:22.344UTC INFO [AccountSystem-akka.actor.default-dispatcher-6] e.k.a.DBRepoActor - Biller Associated: ListBuffer(Biller(Phone,biller1,6,12/2/2017,200.0,2,1,300.0), Biller(Car,biller2,6,12/2/2017,200.0,2,1,300.0), Biller(Electricity,biller3,6,12/2/2017,200.0,2,1,300.0), Biller(Food,biller4,6,12/2/2017,200.0,2,1,300.0), Biller(Internet,biller5,6,12/2/2017,200.0,2,1,300.0))
2017-03-24 11:33:22.344UTC INFO [AccountSystem-akka.actor.default-dispatcher-6] e.k.a.DBRepoActor - User Info: myname4, 4
2017-03-24 11:33:22.344UTC INFO [AccountSystem-akka.actor.default-dispatcher-6] e.k.a.DBRepoActor - Biller Associated: ListBuffer(Biller(Phone,biller1,4,12/2/2017,200.0,2,1,300.0), Biller(Car,biller2,4,12/2/2017,200.0,2,1,300.0), Biller(Electricity,biller3,4,12/2/2017,200.0,2,1,300.0), Biller(Food,biller4,4,12/2/2017,200.0,2,1,300.0), Biller(Internet,biller5,4,12/2/2017,200.0,2,1,300.0))
2017-03-24 11:33:22.344UTC INFO [AccountSystem-akka.actor.default-dispatcher-6] e.k.a.DBRepoActor - User Info: myname7, 7
2017-03-24 11:33:22.344UTC INFO [AccountSystem-akka.actor.default-dispatcher-6] e.k.a.DBRepoActor - Biller Associated: ListBuffer(Biller(Phone,biller1,7,12/2/2017,200.0,2,1,300.0), Biller(Car,biller2,7,12/2/2017,200.0,2,1,300.0), Biller(Electricity,biller3,7,12/2/2017,200.0,2,1,300.0), Biller(Food,biller4,7,12/2/2017,200.0,2,1,300.0), Biller(Internet,biller5,7,12/2/2017,200.0,2,1,300.0))
2017-03-24 11:33:22.344UTC INFO [AccountSystem-akka.actor.default-dispatcher-6] e.k.a.DBRepoActor - User Info: myname8, 8
2017-03-24 11:33:22.344UTC INFO [AccountSystem-akka.actor.default-dispatcher-6] e.k.a.DBRepoActor - Biller Associated: ListBuffer(Biller(Phone,biller1,8,12/2/2017,200.0,2,1,300.0), Biller(Car,biller2,8,12/2/2017,200.0,2,1,300.0), Biller(Electricity,biller3,8,12/2/2017,200.0,2,1,300.0), Biller(Food,biller4,8,12/2/2017,200.0,2,1,300.0), Biller(Internet,biller5,8,12/2/2017,200.0,2,1,300.0))
2017-03-24 11:33:22.344UTC INFO [AccountSystem-akka.actor.default-dispatcher-6] e.k.a.DBRepoActor - User Info: myname9, 9
2017-03-24 11:33:22.345UTC INFO [AccountSystem-akka.actor.default-dispatcher-6] e.k.a.DBRepoActor - Biller Associated: ListBuffer(Biller(Phone,biller1,9,12/2/2017,200.0,2,1,300.0), Biller(Car,biller2,9,12/2/2017,200.0,2,1,300.0), Biller(Electricity,biller3,9,12/2/2017,200.0,2,1,300.0), Biller(Food,biller4,9,12/2/2017,200.0,2,1,300.0), Biller(Internet,biller5,9,12/2/2017,200.0,2,1,300.0))
2017-03-24 11:33:22.345UTC INFO [AccountSystem-akka.actor.default-dispatcher-6] e.k.a.DBRepoActor - User Info: myname10, 10
2017-03-24 11:33:22.345UTC INFO [AccountSystem-akka.actor.default-dispatcher-6] e.k.a.DBRepoActor - Biller Associated: ListBuffer(Biller(Phone,biller1,10,12/2/2017,200.0,2,1,300.0), Biller(Car,biller2,10,12/2/2017,200.0,2,1,300.0), Biller(Electricity,biller3,10,12/2/2017,200.0,2,1,300.0), Biller(Food,biller4,10,12/2/2017,200.0,2,1,300.0), Biller(Internet,biller5,10,12/2/2017,200.0,2,1,300.0))
2017-03-24 11:33:22.345UTC INFO [AccountSystem-akka.actor.default-dispatcher-6] e.k.a.DBRepoActor - User Info: myname1, 1
2017-03-24 11:33:22.345UTC INFO [AccountSystem-akka.actor.default-dispatcher-6] e.k.a.DBRepoActor - Biller Associated: ListBuffer(Biller(Phone,biller1,1,12/2/2017,200.0,2,1,300.0), Biller(Car,biller2,1,12/2/2017,200.0,2,1,300.0), Biller(Electricity,biller3,1,12/2/2017,200.0,2,1,300.0), Biller(Food,biller4,1,12/2/2017,200.0,2,1,300.0), Biller(Internet,biller5,1,12/2/2017,200.0,2,1,300.0))
2017-03-24 11:33:32.345UTC INFO [AccountSystem-akka.actor.default-dispatcher-10] e.k.a.DBRepoActor - DBRepoActor: Sending the reports to the ReportGeneratorActor
2017-03-24 11:33:32.345UTC INFO [AccountSystem-akka.actor.default-dispatcher-10] e.k.a.DBRepoActor - User Info: myname2, 2
2017-03-24 11:33:32.345UTC INFO [AccountSystem-akka.actor.default-dispatcher-10] e.k.a.DBRepoActor - Biller Associated: ListBuffer(Biller(Phone,biller1,2,12/2/2017,200.0,2,1,300.0), Biller(Car,biller2,2,12/2/2017,200.0,2,1,300.0), Biller(Electricity,biller3,2,12/2/2017,200.0,2,1,300.0), Biller(Food,biller4,2,12/2/2017,200.0,2,1,300.0), Biller(Internet,biller5,2,12/2/2017,200.0,2,1,300.0))
2017-03-24 11:33:32.345UTC INFO [AccountSystem-akka.actor.default-dispatcher-10] e.k.a.DBRepoActor - User Info: myname3, 3
2017-03-24 11:33:32.345UTC INFO [AccountSystem-akka.actor.default-dispatcher-10] e.k.a.DBRepoActor - Biller Associated: ListBuffer(Biller(Phone,biller1,3,12/2/2017,200.0,2,1,300.0), Biller(Car,biller2,3,12/2/2017,200.0,2,1,300.0), Biller(Electricity,biller3,3,12/2/2017,200.0,2,1,300.0), Biller(Food,biller4,3,12/2/2017,200.0,2,1,300.0), Biller(Internet,biller5,3,12/2/2017,200.0,2,1,300.0))
2017-03-24 11:33:32.345UTC INFO [AccountSystem-akka.actor.default-dispatcher-10] e.k.a.DBRepoActor - User Info: myname5, 5
2017-03-24 11:33:32.345UTC INFO [AccountSystem-akka.actor.default-dispatcher-10] e.k.a.DBRepoActor - Biller Associated: ListBuffer(Biller(Phone,biller1,5,12/2/2017,200.0,2,1,300.0), Biller(Car,biller2,5,12/2/2017,200.0,2,1,300.0), Biller(Electricity,biller3,5,12/2/2017,200.0,2,1,300.0), Biller(Food,biller4,5,12/2/2017,200.0,2,1,300.0), Biller(Internet,biller5,5,12/2/2017,200.0,2,1,300.0))
2017-03-24 11:33:32.345UTC INFO [AccountSystem-akka.actor.default-dispatcher-10] e.k.a.DBRepoActor - User Info: myname6, 6
2017-03-24 11:33:32.345UTC INFO [AccountSystem-akka.actor.default-dispatcher-10] e.k.a.DBRepoActor - Biller Associated: ListBuffer(Biller(Phone,biller1,6,12/2/2017,200.0,2,1,300.0), Biller(Car,biller2,6,12/2/2017,200.0,2,1,300.0), Biller(Electricity,biller3,6,12/2/2017,200.0,2,1,300.0), Biller(Food,biller4,6,12/2/2017,200.0,2,1,300.0), Biller(Internet,biller5,6,12/2/2017,200.0,2,1,300.0))
2017-03-24 11:33:32.345UTC INFO [AccountSystem-akka.actor.default-dispatcher-10] e.k.a.DBRepoActor - User Info: myname4, 4
2017-03-24 11:33:32.346UTC INFO [AccountSystem-akka.actor.default-dispatcher-10] e.k.a.DBRepoActor - Biller Associated: ListBuffer(Biller(Phone,biller1,4,12/2/2017,200.0,2,1,300.0), Biller(Car,biller2,4,12/2/2017,200.0,2,1,300.0), Biller(Electricity,biller3,4,12/2/2017,200.0,2,1,300.0), Biller(Food,biller4,4,12/2/2017,200.0,2,1,300.0), Biller(Internet,biller5,4,12/2/2017,200.0,2,1,300.0))
2017-03-24 11:33:32.346UTC INFO [AccountSystem-akka.actor.default-dispatcher-10] e.k.a.DBRepoActor - User Info: myname7, 7
2017-03-24 11:33:32.346UTC INFO [AccountSystem-akka.actor.default-dispatcher-10] e.k.a.DBRepoActor - Biller Associated: ListBuffer(Biller(Phone,biller1,7,12/2/2017,200.0,2,1,300.0), Biller(Car,biller2,7,12/2/2017,200.0,2,1,300.0), Biller(Electricity,biller3,7,12/2/2017,200.0,2,1,300.0), Biller(Food,biller4,7,12/2/2017,200.0,2,1,300.0), Biller(Internet,biller5,7,12/2/2017,200.0,2,1,300.0))
2017-03-24 11:33:32.346UTC INFO [AccountSystem-akka.actor.default-dispatcher-10] e.k.a.DBRepoActor - User Info: myname8, 8
2017-03-24 11:33:32.346UTC INFO [AccountSystem-akka.actor.default-dispatcher-10] e.k.a.DBRepoActor - Biller Associated: ListBuffer(Biller(Phone,biller1,8,12/2/2017,200.0,2,1,300.0), Biller(Car,biller2,8,12/2/2017,200.0,2,1,300.0), Biller(Electricity,biller3,8,12/2/2017,200.0,2,1,300.0), Biller(Food,biller4,8,12/2/2017,200.0,2,1,300.0), Biller(Internet,biller5,8,12/2/2017,200.0,2,1,300.0))
2017-03-24 11:33:32.346UTC INFO [AccountSystem-akka.actor.default-dispatcher-10] e.k.a.DBRepoActor - User Info: myname9, 9
2017-03-24 11:33:32.346UTC INFO [AccountSystem-akka.actor.default-dispatcher-10] e.k.a.DBRepoActor - Biller Associated: ListBuffer(Biller(Phone,biller1,9,12/2/2017,200.0,2,1,300.0), Biller(Car,biller2,9,12/2/2017,200.0,2,1,300.0), Biller(Electricity,biller3,9,12/2/2017,200.0,2,1,300.0), Biller(Food,biller4,9,12/2/2017,200.0,2,1,300.0), Biller(Internet,biller5,9,12/2/2017,200.0,2,1,300.0))
2017-03-24 11:33:32.346UTC INFO [AccountSystem-akka.actor.default-dispatcher-10] e.k.a.DBRepoActor - User Info: myname10, 10
2017-03-24 11:33:32.346UTC INFO [AccountSystem-akka.actor.default-dispatcher-10] e.k.a.DBRepoActor - Biller Associated: ListBuffer(Biller(Phone,biller1,10,12/2/2017,200.0,2,1,300.0), Biller(Car,biller2,10,12/2/2017,200.0,2,1,300.0), Biller(Electricity,biller3,10,12/2/2017,200.0,2,1,300.0), Biller(Food,biller4,10,12/2/2017,200.0,2,1,300.0), Biller(Internet,biller5,10,12/2/2017,200.0,2,1,300.0))
2017-03-24 11:33:32.346UTC INFO [AccountSystem-akka.actor.default-dispatcher-10] e.k.a.DBRepoActor - User Info: myname1, 1
2017-03-24 11:33:32.346UTC INFO [AccountSystem-akka.actor.default-dispatcher-10] e.k.a.DBRepoActor - Biller Associated: ListBuffer(Biller(Phone,biller1,1,12/2/2017,200.0,2,1,300.0), Biller(Car,biller2,1,12/2/2017,200.0,2,1,300.0), Biller(Electricity,biller3,1,12/2/2017,200.0,2,1,300.0), Biller(Food,biller4,1,12/2/2017,200.0,2,1,300.0), Biller(Internet,biller5,1,12/2/2017,200.0,2,1,300.0))
